[18.485s] DEBUG:colcon:Command line arguments: ['/usr/bin/colcon', 'build']
[18.485s] DEBUG:colcon:Parsed command line arguments: Namespace(log_base=None, log_level=None, verb_name='build', build_base='build', install_base='install', merge_install=False, symlink_install=False, test_result_base=None, continue_on_error=False, executor='parallel', parallel_workers=8, event_handlers=None, ignore_user_meta=False, metas=['./colcon.meta'], base_paths=['.'], packages_ignore=None, packages_ignore_regex=None, paths=None, packages_up_to=None, packages_up_to_regex=None, packages_above=None, packages_above_and_dependencies=None, packages_above_depth=None, packages_select_by_dep=None, packages_skip_by_dep=None, packages_skip_up_to=None, packages_select_build_failed=False, packages_skip_build_finished=False, packages_select_test_failures=False, packages_skip_test_passed=False, packages_select=None, packages_skip=None, packages_select_regex=None, packages_skip_regex=None, packages_start=None, packages_end=None, cmake_args=None, cmake_target=None, cmake_target_skip_unavailable=False, cmake_clean_cache=False, cmake_clean_first=False, cmake_force_configure=False, ament_cmake_args=None, catkin_cmake_args=None, catkin_skip_building_tests=False, mixin_files=None, mixin=None, verb_parser=<colcon_mixin.mixin.mixin_argument.MixinArgumentDecorator object at 0x7f7a77c67430>, verb_extension=<colcon_core.verb.build.BuildVerb object at 0x7f7a785db970>, main=<bound method BuildVerb.main of <colcon_core.verb.build.BuildVerb object at 0x7f7a785db970>>, mixin_verb=('build',))
[19.601s] Level 1:colcon.colcon_core.package_discovery:discover_packages(colcon_meta) check parameters
[19.601s] Level 1:colcon.colcon_core.package_discovery:discover_packages(recursive) check parameters
[19.601s] Level 1:colcon.colcon_core.package_discovery:discover_packages(ignore) check parameters
[19.601s] Level 1:colcon.colcon_core.package_discovery:discover_packages(path) check parameters
[19.601s] Level 1:colcon.colcon_core.package_discovery:discover_packages(colcon_meta) discover
[19.601s] Level 1:colcon.colcon_core.package_discovery:discover_packages(recursive) discover
[19.601s] INFO:colcon.colcon_core.package_discovery:Crawling recursively for packages in '/home/user/ros2_ws'
[19.601s] Level 1:colcon.colcon_core.package_identification:_identify(.) by extensions ['ignore', 'ignore_ament_install']
[19.601s] Level 1:colcon.colcon_core.package_identification:_identify(.) by extension 'ignore'
[19.601s] Level 1:colcon.colcon_core.package_identification:_identify(.) by extension 'ignore_ament_install'
[19.601s] Level 1:colcon.colcon_core.package_identification:_identify(.) by extensions ['colcon_pkg']
[19.601s] Level 1:colcon.colcon_core.package_identification:_identify(.) by extension 'colcon_pkg'
[19.601s] Level 1:colcon.colcon_core.package_identification:_identify(.) by extensions ['colcon_meta']
[19.601s] Level 1:colcon.colcon_core.package_identification:_identify(.) by extension 'colcon_meta'
[19.601s] Level 1:colcon.colcon_core.package_identification:_identify(.) by extensions ['ros']
[19.601s] Level 1:colcon.colcon_core.package_identification:_identify(.) by extension 'ros'
[19.717s] Level 1:colcon.colcon_core.package_identification:_identify(.) by extensions ['cmake', 'python']
[19.717s] Level 1:colcon.colcon_core.package_identification:_identify(.) by extension 'cmake'
[19.717s] Level 1:colcon.colcon_core.package_identification:_identify(.) by extension 'python'
[19.717s] Level 1:colcon.colcon_core.package_identification:_identify(.) by extensions ['python_setup_py']
[19.717s] Level 1:colcon.colcon_core.package_identification:_identify(.) by extension 'python_setup_py'
[19.717s] Level 1:colcon.colcon_core.package_identification:_identify(build) by extensions ['ignore', 'ignore_ament_install']
[19.717s] Level 1:colcon.colcon_core.package_identification:_identify(build) by extension 'ignore'
[19.717s] Level 1:colcon.colcon_core.package_identification:_identify(build) ignored
[19.717s] Level 1:colcon.colcon_core.package_identification:_identify(install) by extensions ['ignore', 'ignore_ament_install']
[19.718s] Level 1:colcon.colcon_core.package_identification:_identify(install) by extension 'ignore'
[19.718s] Level 1:colcon.colcon_core.package_identification:_identify(install) ignored
[19.718s] Level 1:colcon.colcon_core.package_identification:_identify(log) by extensions ['ignore', 'ignore_ament_install']
[19.718s] Level 1:colcon.colcon_core.package_identification:_identify(log) by extension 'ignore'
[19.718s] Level 1:colcon.colcon_core.package_identification:_identify(log) ignored
[19.718s] Level 1:colcon.colcon_core.package_identification:_identify(src) by extensions ['ignore', 'ignore_ament_install']
[19.718s] Level 1:colcon.colcon_core.package_identification:_identify(src) by extension 'ignore'
[19.718s] Level 1:colcon.colcon_core.package_identification:_identify(src) by extension 'ignore_ament_install'
[19.718s] Level 1:colcon.colcon_core.package_identification:_identify(src) by extensions ['colcon_pkg']
[19.718s] Level 1:colcon.colcon_core.package_identification:_identify(src) by extension 'colcon_pkg'
[19.718s] Level 1:colcon.colcon_core.package_identification:_identify(src) by extensions ['colcon_meta']
[19.718s] Level 1:colcon.colcon_core.package_identification:_identify(src) by extension 'colcon_meta'
[19.718s] Level 1:colcon.colcon_core.package_identification:_identify(src) by extensions ['ros']
[19.718s] Level 1:colcon.colcon_core.package_identification:_identify(src) by extension 'ros'
[19.718s] Level 1:colcon.colcon_core.package_identification:_identify(src) by extensions ['cmake', 'python']
[19.718s] Level 1:colcon.colcon_core.package_identification:_identify(src) by extension 'cmake'
[19.718s] Level 1:colcon.colcon_core.package_identification:_identify(src) by extension 'python'
[19.718s] Level 1:colcon.colcon_core.package_identification:_identify(src) by extensions ['python_setup_py']
[19.718s] Level 1:colcon.colcon_core.package_identification:_identify(src) by extension 'python_setup_py'
[19.718s] Level 1:colcon.colcon_core.package_identification:_identify(src/barista_robot_description) by extensions ['ignore', 'ignore_ament_install']
[19.719s] Level 1:colcon.colcon_core.package_identification:_identify(src/barista_robot_description) by extension 'ignore'
[19.719s] Level 1:colcon.colcon_core.package_identification:_identify(src/barista_robot_description) by extension 'ignore_ament_install'
[19.719s] Level 1:colcon.colcon_core.package_identification:_identify(src/barista_robot_description) by extensions ['colcon_pkg']
[19.719s] Level 1:colcon.colcon_core.package_identification:_identify(src/barista_robot_description) by extension 'colcon_pkg'
[19.719s] Level 1:colcon.colcon_core.package_identification:_identify(src/barista_robot_description) by extensions ['colcon_meta']
[19.719s] Level 1:colcon.colcon_core.package_identification:_identify(src/barista_robot_description) by extension 'colcon_meta'
[19.719s] Level 1:colcon.colcon_core.package_identification:_identify(src/barista_robot_description) by extensions ['ros']
[19.719s] Level 1:colcon.colcon_core.package_identification:_identify(src/barista_robot_description) by extension 'ros'
[19.723s] DEBUG:colcon.colcon_core.package_identification:Package 'src/barista_robot_description' with type 'ros.ament_cmake' and name 'barista_robot_description'
[19.723s] Level 1:colcon.colcon_core.package_identification:_identify(src/checkpoint4_auxiliary_files) by extensions ['ignore', 'ignore_ament_install']
[19.723s] Level 1:colcon.colcon_core.package_identification:_identify(src/checkpoint4_auxiliary_files) by extension 'ignore'
[19.723s] Level 1:colcon.colcon_core.package_identification:_identify(src/checkpoint4_auxiliary_files) by extension 'ignore_ament_install'
[19.723s] Level 1:colcon.colcon_core.package_identification:_identify(src/checkpoint4_auxiliary_files) by extensions ['colcon_pkg']
[19.723s] Level 1:colcon.colcon_core.package_identification:_identify(src/checkpoint4_auxiliary_files) by extension 'colcon_pkg'
[19.724s] Level 1:colcon.colcon_core.package_identification:_identify(src/checkpoint4_auxiliary_files) by extensions ['colcon_meta']
[19.724s] Level 1:colcon.colcon_core.package_identification:_identify(src/checkpoint4_auxiliary_files) by extension 'colcon_meta'
[19.724s] Level 1:colcon.colcon_core.package_identification:_identify(src/checkpoint4_auxiliary_files) by extensions ['ros']
[19.724s] Level 1:colcon.colcon_core.package_identification:_identify(src/checkpoint4_auxiliary_files) by extension 'ros'
[19.724s] Level 1:colcon.colcon_core.package_identification:_identify(src/checkpoint4_auxiliary_files) by extensions ['cmake', 'python']
[19.724s] Level 1:colcon.colcon_core.package_identification:_identify(src/checkpoint4_auxiliary_files) by extension 'cmake'
[19.724s] Level 1:colcon.colcon_core.package_identification:_identify(src/checkpoint4_auxiliary_files) by extension 'python'
[19.724s] Level 1:colcon.colcon_core.package_identification:_identify(src/checkpoint4_auxiliary_files) by extensions ['python_setup_py']
[19.724s] Level 1:colcon.colcon_core.package_identification:_identify(src/checkpoint4_auxiliary_files) by extension 'python_setup_py'
[19.724s] Level 1:colcon.colcon_core.package_identification:_identify(src/checkpoint4_auxiliary_files/meshes) by extensions ['ignore', 'ignore_ament_install']
[19.724s] Level 1:colcon.colcon_core.package_identification:_identify(src/checkpoint4_auxiliary_files/meshes) by extension 'ignore'
[19.724s] Level 1:colcon.colcon_core.package_identification:_identify(src/checkpoint4_auxiliary_files/meshes) by extension 'ignore_ament_install'
[19.724s] Level 1:colcon.colcon_core.package_identification:_identify(src/checkpoint4_auxiliary_files/meshes) by extensions ['colcon_pkg']
[19.724s] Level 1:colcon.colcon_core.package_identification:_identify(src/checkpoint4_auxiliary_files/meshes) by extension 'colcon_pkg'
[19.724s] Level 1:colcon.colcon_core.package_identification:_identify(src/checkpoint4_auxiliary_files/meshes) by extensions ['colcon_meta']
[19.724s] Level 1:colcon.colcon_core.package_identification:_identify(src/checkpoint4_auxiliary_files/meshes) by extension 'colcon_meta'
[19.724s] Level 1:colcon.colcon_core.package_identification:_identify(src/checkpoint4_auxiliary_files/meshes) by extensions ['ros']
[19.724s] Level 1:colcon.colcon_core.package_identification:_identify(src/checkpoint4_auxiliary_files/meshes) by extension 'ros'
[19.724s] Level 1:colcon.colcon_core.package_identification:_identify(src/checkpoint4_auxiliary_files/meshes) by extensions ['cmake', 'python']
[19.724s] Level 1:colcon.colcon_core.package_identification:_identify(src/checkpoint4_auxiliary_files/meshes) by extension 'cmake'
[19.724s] Level 1:colcon.colcon_core.package_identification:_identify(src/checkpoint4_auxiliary_files/meshes) by extension 'python'
[19.724s] Level 1:colcon.colcon_core.package_identification:_identify(src/checkpoint4_auxiliary_files/meshes) by extensions ['python_setup_py']
[19.724s] Level 1:colcon.colcon_core.package_identification:_identify(src/checkpoint4_auxiliary_files/meshes) by extension 'python_setup_py'
[19.724s] Level 1:colcon.colcon_core.package_discovery:discover_packages(recursive) using defaults
[19.725s] Level 1:colcon.colcon_core.package_discovery:discover_packages(ignore) discover
[19.725s] Level 1:colcon.colcon_core.package_discovery:discover_packages(ignore) using defaults
[19.725s] Level 1:colcon.colcon_core.package_discovery:discover_packages(path) discover
[19.725s] Level 1:colcon.colcon_core.package_discovery:discover_packages(path) using defaults
[20.136s] Level 5:colcon.colcon_core.verb:set package 'barista_robot_description' build argument 'cmake_args' from command line to 'None'
[20.136s] Level 5:colcon.colcon_core.verb:set package 'barista_robot_description' build argument 'cmake_target' from command line to 'None'
[20.136s] Level 5:colcon.colcon_core.verb:set package 'barista_robot_description' build argument 'cmake_target_skip_unavailable' from command line to 'False'
[20.136s] Level 5:colcon.colcon_core.verb:set package 'barista_robot_description' build argument 'cmake_clean_cache' from command line to 'False'
[20.136s] Level 5:colcon.colcon_core.verb:set package 'barista_robot_description' build argument 'cmake_clean_first' from command line to 'False'
[20.136s] Level 5:colcon.colcon_core.verb:set package 'barista_robot_description' build argument 'cmake_force_configure' from command line to 'False'
[20.136s] Level 5:colcon.colcon_core.verb:set package 'barista_robot_description' build argument 'ament_cmake_args' from command line to 'None'
[20.136s] Level 5:colcon.colcon_core.verb:set package 'barista_robot_description' build argument 'catkin_cmake_args' from command line to 'None'
[20.136s] Level 5:colcon.colcon_core.verb:set package 'barista_robot_description' build argument 'catkin_skip_building_tests' from command line to 'False'
[20.136s] DEBUG:colcon.colcon_core.verb:Building package 'barista_robot_description' with the following arguments: {'ament_cmake_args': None, 'build_base': '/home/user/ros2_ws/build/barista_robot_description', 'catkin_cmake_args': None, 'catkin_skip_building_tests': False, 'cmake_args': None, 'cmake_clean_cache': False, 'cmake_clean_first': False, 'cmake_force_configure': False, 'cmake_target': None, 'cmake_target_skip_unavailable': False, 'install_base': '/home/user/ros2_ws/install/barista_robot_description', 'merge_install': False, 'path': '/home/user/ros2_ws/src/barista_robot_description', 'symlink_install': False, 'test_result_base': None}
[20.137s] INFO:colcon.colcon_core.executor:Executing jobs using 'parallel' executor
[20.141s] DEBUG:colcon.colcon_parallel_executor.executor.parallel:run_until_complete
[20.141s] INFO:colcon.colcon_ros.task.ament_cmake.build:Building ROS package in '/home/user/ros2_ws/src/barista_robot_description' with build type 'ament_cmake'
[20.141s] INFO:colcon.colcon_cmake.task.cmake.build:Building CMake package in '/home/user/ros2_ws/src/barista_robot_description'
[20.150s] INFO:colcon.colcon_core.plugin_system:Skipping extension 'colcon_core.shell.bat': Not used on non-Windows systems
[20.150s] INFO:colcon.colcon_core.shell:Skip shell extension 'powershell' for command environment: Not usable outside of PowerShell
[20.150s] DEBUG:colcon.colcon_core.shell:Skip shell extension 'dsv' for command environment
[20.167s] DEBUG:colcon.colcon_core.event_handler.log_command:Invoking command in '/home/user/ros2_ws/build/barista_robot_description': CMAKE_PREFIX_PATH=${CMAKE_PREFIX_PATH}:/opt/ros/humble _=/usr/bin/env /usr/bin/cmake --build /home/user/ros2_ws/build/barista_robot_description -- -j8 -l8
[26.200s] DEBUG:colcon.colcon_core.event_handler.log_command:Invoked command in '/home/user/ros2_ws/build/barista_robot_description' returned '0': CMAKE_PREFIX_PATH=${CMAKE_PREFIX_PATH}:/opt/ros/humble _=/usr/bin/env /usr/bin/cmake --build /home/user/ros2_ws/build/barista_robot_description -- -j8 -l8
[26.232s] DEBUG:colcon.colcon_core.event_handler.log_command:Invoking command in '/home/user/ros2_ws/build/barista_robot_description': CMAKE_PREFIX_PATH=${CMAKE_PREFIX_PATH}:/opt/ros/humble _=/usr/bin/env /usr/bin/cmake --install /home/user/ros2_ws/build/barista_robot_description
[26.243s] Level 1:colcon.colcon_core.environment:create_environment_scripts_only(barista_robot_description)
[26.244s] DEBUG:colcon.colcon_core.event_handler.log_command:Invoked command in '/home/user/ros2_ws/build/barista_robot_description' returned '0': CMAKE_PREFIX_PATH=${CMAKE_PREFIX_PATH}:/opt/ros/humble _=/usr/bin/env /usr/bin/cmake --install /home/user/ros2_ws/build/barista_robot_description
[26.258s] Level 1:colcon.colcon_core.environment:checking '/home/user/ros2_ws/install/barista_robot_description' for CMake module files
[26.259s] Level 1:colcon.colcon_core.environment:checking '/home/user/ros2_ws/install/barista_robot_description' for CMake config files
[26.259s] Level 1:colcon.colcon_core.shell:create_environment_hook('barista_robot_description', 'cmake_prefix_path')
[26.260s] INFO:colcon.colcon_core.shell:Creating environment hook '/home/user/ros2_ws/install/barista_robot_description/share/barista_robot_description/hook/cmake_prefix_path.ps1'
[26.261s] INFO:colcon.colcon_core.shell:Creating environment descriptor '/home/user/ros2_ws/install/barista_robot_description/share/barista_robot_description/hook/cmake_prefix_path.dsv'
[26.262s] INFO:colcon.colcon_core.shell:Creating environment hook '/home/user/ros2_ws/install/barista_robot_description/share/barista_robot_description/hook/cmake_prefix_path.sh'
[26.263s] Level 1:colcon.colcon_core.environment:checking '/home/user/ros2_ws/install/barista_robot_description/bin'
[26.263s] Level 1:colcon.colcon_core.environment:checking '/home/user/ros2_ws/install/barista_robot_description/lib/pkgconfig/barista_robot_description.pc'
[26.266s] Level 1:colcon.colcon_core.environment:checking '/home/user/ros2_ws/install/barista_robot_description/lib/python3.10/site-packages'
[26.266s] Level 1:colcon.colcon_core.environment:checking '/home/user/ros2_ws/install/barista_robot_description/bin'
[26.267s] INFO:colcon.colcon_core.shell:Creating package script '/home/user/ros2_ws/install/barista_robot_description/share/barista_robot_description/package.ps1'
[26.268s] INFO:colcon.colcon_core.shell:Creating package descriptor '/home/user/ros2_ws/install/barista_robot_description/share/barista_robot_description/package.dsv'
[26.269s] INFO:colcon.colcon_core.shell:Creating package script '/home/user/ros2_ws/install/barista_robot_description/share/barista_robot_description/package.sh'
[26.270s] INFO:colcon.colcon_core.shell:Creating package script '/home/user/ros2_ws/install/barista_robot_description/share/barista_robot_description/package.bash'
[26.272s] INFO:colcon.colcon_core.shell:Creating package script '/home/user/ros2_ws/install/barista_robot_description/share/barista_robot_description/package.zsh'
[26.273s] Level 1:colcon.colcon_core.environment:create_file_with_runtime_dependencies(/home/user/ros2_ws/install/barista_robot_description/share/colcon-core/packages/barista_robot_description)
[26.298s] Level 1:colcon.colcon_core.environment:create_environment_scripts_only(barista_robot_description)
[26.299s] Level 1:colcon.colcon_core.environment:checking '/home/user/ros2_ws/install/barista_robot_description' for CMake module files
[26.300s] Level 1:colcon.colcon_core.environment:checking '/home/user/ros2_ws/install/barista_robot_description' for CMake config files
[26.300s] Level 1:colcon.colcon_core.shell:create_environment_hook('barista_robot_description', 'cmake_prefix_path')
[26.301s] INFO:colcon.colcon_core.shell:Creating environment hook '/home/user/ros2_ws/install/barista_robot_description/share/barista_robot_description/hook/cmake_prefix_path.ps1'
[26.304s] INFO:colcon.colcon_core.shell:Creating environment descriptor '/home/user/ros2_ws/install/barista_robot_description/share/barista_robot_description/hook/cmake_prefix_path.dsv'
[26.304s] INFO:colcon.colcon_core.shell:Creating environment hook '/home/user/ros2_ws/install/barista_robot_description/share/barista_robot_description/hook/cmake_prefix_path.sh'
[26.306s] Level 1:colcon.colcon_core.environment:checking '/home/user/ros2_ws/install/barista_robot_description/bin'
[26.306s] Level 1:colcon.colcon_core.environment:checking '/home/user/ros2_ws/install/barista_robot_description/lib/pkgconfig/barista_robot_description.pc'
[26.307s] Level 1:colcon.colcon_core.environment:checking '/home/user/ros2_ws/install/barista_robot_description/lib/python3.10/site-packages'
[26.307s] Level 1:colcon.colcon_core.environment:checking '/home/user/ros2_ws/install/barista_robot_description/bin'
[26.308s] INFO:colcon.colcon_core.shell:Creating package script '/home/user/ros2_ws/install/barista_robot_description/share/barista_robot_description/package.ps1'
[26.308s] INFO:colcon.colcon_core.shell:Creating package descriptor '/home/user/ros2_ws/install/barista_robot_description/share/barista_robot_description/package.dsv'
[26.309s] INFO:colcon.colcon_core.shell:Creating package script '/home/user/ros2_ws/install/barista_robot_description/share/barista_robot_description/package.sh'
[26.310s] INFO:colcon.colcon_core.shell:Creating package script '/home/user/ros2_ws/install/barista_robot_description/share/barista_robot_description/package.bash'
[26.311s] INFO:colcon.colcon_core.shell:Creating package script '/home/user/ros2_ws/install/barista_robot_description/share/barista_robot_description/package.zsh'
[26.311s] Level 1:colcon.colcon_core.environment:create_file_with_runtime_dependencies(/home/user/ros2_ws/install/barista_robot_description/share/colcon-core/packages/barista_robot_description)
[26.312s] DEBUG:colcon.colcon_parallel_executor.executor.parallel:closing loop
[26.313s] DEBUG:colcon.colcon_parallel_executor.executor.parallel:loop closed
[26.313s] DEBUG:colcon.colcon_parallel_executor.executor.parallel:run_until_complete finished with '0'
[26.313s] DEBUG:colcon.colcon_core.event_reactor:joining thread
[26.940s] INFO:colcon.colcon_core.plugin_system:Skipping extension 'colcon_notification.desktop_notification.notify_send': Could not find 'notify-send'
[26.940s] INFO:colcon.colcon_core.plugin_system:Skipping extension 'colcon_notification.desktop_notification.terminal_notifier': Not used on non-Darwin systems
[26.940s] INFO:colcon.colcon_core.plugin_system:Skipping extension 'colcon_notification.desktop_notification.win32': Not used on non-Windows systems
[26.940s] INFO:colcon.colcon_notification.desktop_notification:Sending desktop notification using 'notify2'
[26.987s] DEBUG:colcon.colcon_notification.desktop_notification.notify2:Failed to initialize notify2: org.freedesktop.DBus.Error.Spawn.ExecFailed: /usr/bin/dbus-launch terminated abnormally without any error message
[26.987s] DEBUG:colcon.colcon_core.event_reactor:joined thread
[26.989s] INFO:colcon.colcon_core.shell:Creating prefix script '/home/user/ros2_ws/install/local_setup.ps1'
[26.991s] INFO:colcon.colcon_core.shell:Creating prefix util module '/home/user/ros2_ws/install/_local_setup_util_ps1.py'
[26.992s] INFO:colcon.colcon_core.shell:Creating prefix chain script '/home/user/ros2_ws/install/setup.ps1'
[26.994s] INFO:colcon.colcon_core.shell:Creating prefix script '/home/user/ros2_ws/install/local_setup.sh'
[26.995s] INFO:colcon.colcon_core.shell:Creating prefix util module '/home/user/ros2_ws/install/_local_setup_util_sh.py'
[26.996s] INFO:colcon.colcon_core.shell:Creating prefix chain script '/home/user/ros2_ws/install/setup.sh'
[26.998s] INFO:colcon.colcon_core.shell:Creating prefix script '/home/user/ros2_ws/install/local_setup.bash'
[27.000s] INFO:colcon.colcon_core.shell:Creating prefix chain script '/home/user/ros2_ws/install/setup.bash'
[27.001s] INFO:colcon.colcon_core.shell:Creating prefix script '/home/user/ros2_ws/install/local_setup.zsh'
[27.002s] INFO:colcon.colcon_core.shell:Creating prefix chain script '/home/user/ros2_ws/install/setup.zsh'
