[0.021s] Invoking command in '/home/user/ros2_ws/build/barista_robot_description': CMAKE_PREFIX_PATH=${CMAKE_PREFIX_PATH}:/opt/ros/humble _=/usr/bin/env /usr/bin/cmake --build /home/user/ros2_ws/build/barista_robot_description -- -j8 -l8
[0.611s] -- Found ament_cmake: 1.3.2 (/opt/ros/humble/share/ament_cmake/cmake)
[0.991s] -- Found gazebo_ros: 3.7.0 (/opt/ros/humble/share/gazebo_ros/cmake)
[1.134s] -- Found rosidl_generator_c: 3.1.3 (/opt/ros/humble/share/rosidl_generator_c/cmake)
[1.140s] -- Found rosidl_adapter: 3.1.3 (/opt/ros/humble/share/rosidl_adapter/cmake)
[1.255s] -- Found rosidl_generator_cpp: 3.1.3 (/opt/ros/humble/share/rosidl_generator_cpp/cmake)
[1.281s] -- Using all available rosidl_typesupport_c: rosidl_typesupport_fastrtps_c;rosidl_typesupport_introspection_c
[1.311s] -- Using all available rosidl_typesupport_cpp: rosidl_typesupport_fastrtps_cpp;rosidl_typesupport_introspection_cpp
[1.498s] -- Found rmw_implementation_cmake: 6.1.0 (/opt/ros/humble/share/rmw_implementation_cmake/cmake)
[1.506s] -- Found rmw_fastrtps_cpp: 6.2.1 (/opt/ros/humble/share/rmw_fastrtps_cpp/cmake)
[1.977s] -- Using RMW implementation 'rmw_fastrtps_cpp' as default
[3.471s] -- Found DART: /usr/include (Required is at least version "6.6") found components: dart 
[5.107s] -- Found Protobuf: /usr/lib/x86_64-linux-gnu/libprotobuf.so (found version "3.12.4") 
[5.114s] -- Looking for ignition-math6 -- found version 6.12.0
[5.633s] -- Searching for dependencies of ignition-math6
[5.639s] -- Looking for OGRE...
[5.723s] -- Found Ogre Ghadamon (1.9.0)
[5.789s] -- Found OGRE: optimized;/usr/lib/x86_64-linux-gnu/libOgreMain.so;debug;/usr/lib/x86_64-linux-gnu/libOgreMain.so
[5.799s] -- Looking for OGRE_Paging...
[5.799s] -- Found OGRE_Paging: optimized;/usr/lib/x86_64-linux-gnu/libOgrePaging.so;debug;/usr/lib/x86_64-linux-gnu/libOgrePaging.so
[5.799s] -- Looking for OGRE_Terrain...
[5.799s] -- Found OGRE_Terrain: optimized;/usr/lib/x86_64-linux-gnu/libOgreTerrain.so;debug;/usr/lib/x86_64-linux-gnu/libOgreTerrain.so
[5.799s] -- Looking for OGRE_Property...
[5.799s] -- Found OGRE_Property: optimized;/usr/lib/x86_64-linux-gnu/libOgreProperty.so;debug;/usr/lib/x86_64-linux-gnu/libOgreProperty.so
[5.799s] -- Looking for OGRE_RTShaderSystem...
[5.799s] -- Found OGRE_RTShaderSystem: optimized;/usr/lib/x86_64-linux-gnu/libOgreRTShaderSystem.so;debug;/usr/lib/x86_64-linux-gnu/libOgreRTShaderSystem.so
[5.799s] -- Looking for OGRE_Volume...
[5.800s] -- Found OGRE_Volume: optimized;/usr/lib/x86_64-linux-gnu/libOgreVolume.so;debug;/usr/lib/x86_64-linux-gnu/libOgreVolume.so
[5.800s] -- Looking for OGRE_Overlay...
[5.800s] -- Found OGRE_Overlay: optimized;/usr/lib/x86_64-linux-gnu/libOgreOverlay.so;debug;/usr/lib/x86_64-linux-gnu/libOgreOverlay.so
[5.904s] -- Looking for ignition-math6 -- found version 6.12.0
[5.906s] -- Looking for ignition-transport8 -- found version 8.2.1
[5.907s] -- Searching for dependencies of ignition-transport8
[5.931s] -- Found Protobuf: /usr/lib/x86_64-linux-gnu/libprotobuf.so (found suitable version "3.12.4", minimum required is "3") 
[5.950s] -- Config-file not installed for ZeroMQ -- checking for pkg-config
[5.956s] -- Checking for module 'libzmq >= 4'
[6.273s] --   Found libzmq , version 4.3.4
[6.308s] -- Checking for module 'uuid'
[6.412s] --   Found uuid, version 2.37.2
[6.441s] -- Looking for ignition-msgs5 -- found version 5.8.1
[6.442s] -- Searching for dependencies of ignition-msgs5
[6.466s] -- Looking for ignition-math6 -- found version 6.12.0
[6.471s] -- Checking for module 'tinyxml2'
[6.481s] --   Found tinyxml2, version 9.0.0
[6.510s] -- Looking for ignition-msgs5 -- found version 5.8.1
[6.511s] -- Looking for ignition-common3 -- found version 3.14.0
[6.511s] -- Searching for dependencies of ignition-common3
[6.512s] -- Looking for dlfcn.h - found
[6.512s] -- Looking for libdl - found
[6.524s] -- Searching for <ignition-common3> component [graphics]
[6.525s] -- Looking for ignition-common3-graphics -- found version 3.14.0
[6.526s] -- Searching for dependencies of ignition-common3-graphics
[6.526s] -- Looking for ignition-math6 -- found version 6.12.0
[6.528s] -- Looking for ignition-fuel_tools4 -- found version 4.4.0
[6.529s] -- Searching for dependencies of ignition-fuel_tools4
[6.709s] -- Checking for module 'jsoncpp'
[6.722s] --   Found jsoncpp, version 1.9.5
[6.753s] -- Checking for module 'libzip'
[6.764s] --   Found libzip, version 1.7.3
[6.787s] -- Looking for ignition-common3 -- found version 3.14.0
[6.788s] -- Looking for ignition-math6 -- found version 6.12.0
[6.788s] -- Looking for ignition-msgs5 -- found version 5.8.1
[6.794s] -- Gazebo version: 11.10
[6.805s] -- Found ament_cmake_auto: 1.3.2 (/opt/ros/humble/share/ament_cmake_auto/cmake)
[7.009s] -- Found eigen3_cmake_module: 0.1.1 (/opt/ros/humble/share/eigen3_cmake_module/cmake)
[7.011s] -- Ensuring Eigen3 include directory is part of orocos-kdl CMake target
[8.233s] -- Found ament_lint_auto: 0.12.4 (/opt/ros/humble/share/ament_lint_auto/cmake)
[8.269s] -- Added test 'flake8' to check Python code syntax and style conventions
[8.271s] -- Added test 'lint_cmake' to check CMake code style
[8.272s] -- Added test 'pep257' to check Python code against some of the docstring style conventions in PEP 257
[8.279s] -- Added test 'xmllint' to check XML markup files
[8.280s] -- Configuring done
[8.291s] -- Generating done
[8.294s] -- Build files have been written to: /home/user/ros2_ws/build/barista_robot_description
[8.322s] Invoked command in '/home/user/ros2_ws/build/barista_robot_description' returned '0': CMAKE_PREFIX_PATH=${CMAKE_PREFIX_PATH}:/opt/ros/humble _=/usr/bin/env /usr/bin/cmake --build /home/user/ros2_ws/build/barista_robot_description -- -j8 -l8
[8.353s] Invoking command in '/home/user/ros2_ws/build/barista_robot_description': CMAKE_PREFIX_PATH=${CMAKE_PREFIX_PATH}:/opt/ros/humble _=/usr/bin/env /usr/bin/cmake --install /home/user/ros2_ws/build/barista_robot_description
[8.358s] -- Install configuration: ""
[8.358s] -- Up-to-date: /home/user/ros2_ws/install/barista_robot_description/share/barista_robot_description//urdf
[8.359s] -- Installing: /home/user/ros2_ws/install/barista_robot_description/share/barista_robot_description//urdf/barista_robot_model.urdf
[8.362s] -- Up-to-date: /home/user/ros2_ws/install/barista_robot_description/share/barista_robot_description//meshes
[8.362s] -- Installing: /home/user/ros2_ws/install/barista_robot_description/share/barista_robot_description//meshes/hokuyo_utm_30lx.dae
[8.362s] -- Installing: /home/user/ros2_ws/install/barista_robot_description/share/barista_robot_description//meshes/hokuyo_utm_30lx.stl
[8.362s] -- Up-to-date: /home/user/ros2_ws/install/barista_robot_description/share/barista_robot_description//launch
[8.363s] -- Installing: /home/user/ros2_ws/install/barista_robot_description/share/barista_robot_description//launch/barista_urdf.launch.py
[8.363s] -- Installing: /home/user/ros2_ws/install/barista_robot_description/share/ament_index/resource_index/package_run_dependencies/barista_robot_description
[8.364s] -- Up-to-date: /home/user/ros2_ws/install/barista_robot_description/share/ament_index/resource_index/parent_prefix_path/barista_robot_description
[8.364s] -- Up-to-date: /home/user/ros2_ws/install/barista_robot_description/share/barista_robot_description/environment/ament_prefix_path.sh
[8.364s] -- Installing: /home/user/ros2_ws/install/barista_robot_description/share/barista_robot_description/environment/ament_prefix_path.dsv
[8.365s] -- Up-to-date: /home/user/ros2_ws/install/barista_robot_description/share/barista_robot_description/environment/path.sh
[8.365s] -- Installing: /home/user/ros2_ws/install/barista_robot_description/share/barista_robot_description/environment/path.dsv
[8.365s] -- Up-to-date: /home/user/ros2_ws/install/barista_robot_description/share/barista_robot_description/local_setup.bash
[8.365s] -- Up-to-date: /home/user/ros2_ws/install/barista_robot_description/share/barista_robot_description/local_setup.sh
[8.366s] -- Up-to-date: /home/user/ros2_ws/install/barista_robot_description/share/barista_robot_description/local_setup.zsh
[8.366s] -- Installing: /home/user/ros2_ws/install/barista_robot_description/share/barista_robot_description/local_setup.dsv
[8.367s] -- Installing: /home/user/ros2_ws/install/barista_robot_description/share/barista_robot_description/package.dsv
[8.367s] -- Up-to-date: /home/user/ros2_ws/install/barista_robot_description/share/ament_index/resource_index/packages/barista_robot_description
[8.367s] -- Up-to-date: /home/user/ros2_ws/install/barista_robot_description/share/barista_robot_description/cmake/barista_robot_descriptionConfig.cmake
[8.367s] -- Up-to-date: /home/user/ros2_ws/install/barista_robot_description/share/barista_robot_description/cmake/barista_robot_descriptionConfig-version.cmake
[8.367s] -- Installing: /home/user/ros2_ws/install/barista_robot_description/share/barista_robot_description/package.xml
[8.368s] Invoked command in '/home/user/ros2_ws/build/barista_robot_description' returned '0': CMAKE_PREFIX_PATH=${CMAKE_PREFIX_PATH}:/opt/ros/humble _=/usr/bin/env /usr/bin/cmake --install /home/user/ros2_ws/build/barista_robot_description
