[0.018s] Invoking command in '/home/user/ros2_ws/build/barista_robot_description': CMAKE_PREFIX_PATH=${CMAKE_PREFIX_PATH}:/opt/ros/humble _=/usr/bin/env /usr/bin/cmake --build /home/user/ros2_ws/build/barista_robot_description -- -j8 -l8
[0.046s] -- Found ament_cmake: 1.3.2 (/opt/ros/humble/share/ament_cmake/cmake)
[0.179s] -- Found xacro: 2.0.7 (/opt/ros/humble/share/xacro/cmake)
[0.179s] -- Found gazebo_ros: 3.7.0 (/opt/ros/humble/share/gazebo_ros/cmake)
[0.215s] -- Found rosidl_generator_c: 3.1.3 (/opt/ros/humble/share/rosidl_generator_c/cmake)
[0.218s] -- Found rosidl_adapter: 3.1.3 (/opt/ros/humble/share/rosidl_adapter/cmake)
[0.225s] -- Found rosidl_generator_cpp: 3.1.3 (/opt/ros/humble/share/rosidl_generator_cpp/cmake)
[0.236s] -- Using all available rosidl_typesupport_c: rosidl_typesupport_fastrtps_c;rosidl_typesupport_introspection_c
[0.252s] -- Using all available rosidl_typesupport_cpp: rosidl_typesupport_fastrtps_cpp;rosidl_typesupport_introspection_cpp
[0.317s] -- Found rmw_implementation_cmake: 6.1.0 (/opt/ros/humble/share/rmw_implementation_cmake/cmake)
[0.318s] -- Found rmw_fastrtps_cpp: 6.2.1 (/opt/ros/humble/share/rmw_fastrtps_cpp/cmake)
[0.470s] -- Using RMW implementation 'rmw_fastrtps_cpp' as default
[0.665s] -- Found DART: /usr/include (Required is at least version "6.6") found components: dart 
[0.690s] -- Found Protobuf: /usr/lib/x86_64-linux-gnu/libprotobuf.so (found version "3.12.4") 
[0.691s] -- Looking for ignition-math6 -- found version 6.12.0
[0.695s] -- Searching for dependencies of ignition-math6
[0.697s] -- Looking for OGRE...
[0.705s] -- Found Ogre Ghadamon (1.9.0)
[0.705s] -- Found OGRE: optimized;/usr/lib/x86_64-linux-gnu/libOgreMain.so;debug;/usr/lib/x86_64-linux-gnu/libOgreMain.so
[0.714s] -- Looking for OGRE_Paging...
[0.714s] -- Found OGRE_Paging: optimized;/usr/lib/x86_64-linux-gnu/libOgrePaging.so;debug;/usr/lib/x86_64-linux-gnu/libOgrePaging.so
[0.714s] -- Looking for OGRE_Terrain...
[0.714s] -- Found OGRE_Terrain: optimized;/usr/lib/x86_64-linux-gnu/libOgreTerrain.so;debug;/usr/lib/x86_64-linux-gnu/libOgreTerrain.so
[0.715s] -- Looking for OGRE_Property...
[0.715s] -- Found OGRE_Property: optimized;/usr/lib/x86_64-linux-gnu/libOgreProperty.so;debug;/usr/lib/x86_64-linux-gnu/libOgreProperty.so
[0.715s] -- Looking for OGRE_RTShaderSystem...
[0.715s] -- Found OGRE_RTShaderSystem: optimized;/usr/lib/x86_64-linux-gnu/libOgreRTShaderSystem.so;debug;/usr/lib/x86_64-linux-gnu/libOgreRTShaderSystem.so
[0.715s] -- Looking for OGRE_Volume...
[0.715s] -- Found OGRE_Volume: optimized;/usr/lib/x86_64-linux-gnu/libOgreVolume.so;debug;/usr/lib/x86_64-linux-gnu/libOgreVolume.so
[0.715s] -- Looking for OGRE_Overlay...
[0.715s] -- Found OGRE_Overlay: optimized;/usr/lib/x86_64-linux-gnu/libOgreOverlay.so;debug;/usr/lib/x86_64-linux-gnu/libOgreOverlay.so
[0.813s] -- Looking for ignition-math6 -- found version 6.12.0
[0.814s] -- Looking for ignition-transport8 -- found version 8.2.1
[0.814s] -- Searching for dependencies of ignition-transport8
[0.840s] -- Found Protobuf: /usr/lib/x86_64-linux-gnu/libprotobuf.so (found suitable version "3.12.4", minimum required is "3") 
[0.857s] -- Config-file not installed for ZeroMQ -- checking for pkg-config
[0.861s] -- Checking for module 'libzmq >= 4'
[0.871s] --   Found libzmq , version 4.3.4
[0.906s] -- Checking for module 'uuid'
[0.915s] --   Found uuid, version 2.37.2
[0.943s] -- Looking for ignition-msgs5 -- found version 5.8.1
[0.943s] -- Searching for dependencies of ignition-msgs5
[0.967s] -- Looking for ignition-math6 -- found version 6.12.0
[0.971s] -- Checking for module 'tinyxml2'
[0.981s] --   Found tinyxml2, version 9.0.0
[1.008s] -- Looking for ignition-msgs5 -- found version 5.8.1
[1.008s] -- Looking for ignition-common3 -- found version 3.14.0
[1.009s] -- Searching for dependencies of ignition-common3
[1.009s] -- Looking for dlfcn.h - found
[1.009s] -- Looking for libdl - found
[1.019s] -- Searching for <ignition-common3> component [graphics]
[1.019s] -- Looking for ignition-common3-graphics -- found version 3.14.0
[1.020s] -- Searching for dependencies of ignition-common3-graphics
[1.020s] -- Looking for ignition-math6 -- found version 6.12.0
[1.021s] -- Looking for ignition-fuel_tools4 -- found version 4.4.0
[1.022s] -- Searching for dependencies of ignition-fuel_tools4
[1.064s] -- Checking for module 'jsoncpp'
[1.074s] --   Found jsoncpp, version 1.9.5
[1.105s] -- Checking for module 'libzip'
[1.114s] --   Found libzip, version 1.7.3
[1.141s] -- Looking for ignition-common3 -- found version 3.14.0
[1.141s] -- Looking for ignition-math6 -- found version 6.12.0
[1.142s] -- Looking for ignition-msgs5 -- found version 5.8.1
[1.143s] -- Gazebo version: 11.10
[1.152s] -- Found ament_lint_auto: 0.12.4 (/opt/ros/humble/share/ament_lint_auto/cmake)
[1.224s] -- Added test 'flake8' to check Python code syntax and style conventions
[1.226s] -- Added test 'lint_cmake' to check CMake code style
[1.226s] -- Added test 'pep257' to check Python code against some of the docstring style conventions in PEP 257
[1.230s] -- Added test 'xmllint' to check XML markup files
[1.231s] -- Configuring done
[1.238s] -- Generating done
[1.240s] -- Build files have been written to: /home/user/ros2_ws/build/barista_robot_description
[1.267s] Invoked command in '/home/user/ros2_ws/build/barista_robot_description' returned '0': CMAKE_PREFIX_PATH=${CMAKE_PREFIX_PATH}:/opt/ros/humble _=/usr/bin/env /usr/bin/cmake --build /home/user/ros2_ws/build/barista_robot_description -- -j8 -l8
[1.304s] Invoking command in '/home/user/ros2_ws/build/barista_robot_description': CMAKE_PREFIX_PATH=${CMAKE_PREFIX_PATH}:/opt/ros/humble _=/usr/bin/env /usr/bin/cmake --install /home/user/ros2_ws/build/barista_robot_description
[1.310s] -- Install configuration: ""
[1.310s] -- Up-to-date: /home/user/ros2_ws/install/barista_robot_description/share/barista_robot_description//launch
[1.310s] -- Up-to-date: /home/user/ros2_ws/install/barista_robot_description/share/barista_robot_description//launch/barista_urdf.launch.py
[1.311s] -- Up-to-date: /home/user/ros2_ws/install/barista_robot_description/share/barista_robot_description//urdf
[1.311s] -- Up-to-date: /home/user/ros2_ws/install/barista_robot_description/share/barista_robot_description//urdf/barista_robot_model.urdf
[1.311s] -- Up-to-date: /home/user/ros2_ws/install/barista_robot_description/share/barista_robot_description//meshes
[1.311s] -- Up-to-date: /home/user/ros2_ws/install/barista_robot_description/share/barista_robot_description//meshes/hokuyo_utm_30lx.dae
[1.311s] -- Up-to-date: /home/user/ros2_ws/install/barista_robot_description/share/barista_robot_description//meshes/hokuyo_utm_30lx.stl
[1.311s] -- Installing: /home/user/ros2_ws/install/barista_robot_description/share/ament_index/resource_index/package_run_dependencies/barista_robot_description
[1.311s] -- Installing: /home/user/ros2_ws/install/barista_robot_description/share/ament_index/resource_index/parent_prefix_path/barista_robot_description
[1.311s] -- Up-to-date: /home/user/ros2_ws/install/barista_robot_description/share/barista_robot_description/environment/ament_prefix_path.sh
[1.311s] -- Installing: /home/user/ros2_ws/install/barista_robot_description/share/barista_robot_description/environment/ament_prefix_path.dsv
[1.311s] -- Up-to-date: /home/user/ros2_ws/install/barista_robot_description/share/barista_robot_description/environment/path.sh
[1.311s] -- Installing: /home/user/ros2_ws/install/barista_robot_description/share/barista_robot_description/environment/path.dsv
[1.312s] -- Up-to-date: /home/user/ros2_ws/install/barista_robot_description/share/barista_robot_description/local_setup.bash
[1.312s] -- Up-to-date: /home/user/ros2_ws/install/barista_robot_description/share/barista_robot_description/local_setup.sh
[1.312s] -- Up-to-date: /home/user/ros2_ws/install/barista_robot_description/share/barista_robot_description/local_setup.zsh
[1.312s] -- Installing: /home/user/ros2_ws/install/barista_robot_description/share/barista_robot_description/local_setup.dsv
[1.312s] -- Installing: /home/user/ros2_ws/install/barista_robot_description/share/barista_robot_description/package.dsv
[1.312s] -- Up-to-date: /home/user/ros2_ws/install/barista_robot_description/share/ament_index/resource_index/packages/barista_robot_description
[1.312s] -- Up-to-date: /home/user/ros2_ws/install/barista_robot_description/share/barista_robot_description/cmake/barista_robot_descriptionConfig.cmake
[1.312s] -- Up-to-date: /home/user/ros2_ws/install/barista_robot_description/share/barista_robot_description/cmake/barista_robot_descriptionConfig-version.cmake
[1.312s] -- Installing: /home/user/ros2_ws/install/barista_robot_description/share/barista_robot_description/package.xml
[1.315s] Invoked command in '/home/user/ros2_ws/build/barista_robot_description' returned '0': CMAKE_PREFIX_PATH=${CMAKE_PREFIX_PATH}:/opt/ros/humble _=/usr/bin/env /usr/bin/cmake --install /home/user/ros2_ws/build/barista_robot_description
