[0.020s] Invoking command in '/home/user/ros2_ws/build/barista_robot_description': CMAKE_PREFIX_PATH=${CMAKE_PREFIX_PATH}:/opt/ros/humble _=/usr/bin/env /usr/bin/cmake --build /home/user/ros2_ws/build/barista_robot_description -- -j8 -l8
[0.047s] -- Found ament_cmake: 1.3.2 (/opt/ros/humble/share/ament_cmake/cmake)
[0.184s] -- Found gazebo_ros: 3.7.0 (/opt/ros/humble/share/gazebo_ros/cmake)
[0.222s] -- Found rosidl_generator_c: 3.1.3 (/opt/ros/humble/share/rosidl_generator_c/cmake)
[0.224s] -- Found rosidl_adapter: 3.1.3 (/opt/ros/humble/share/rosidl_adapter/cmake)
[0.230s] -- Found rosidl_generator_cpp: 3.1.3 (/opt/ros/humble/share/rosidl_generator_cpp/cmake)
[0.243s] -- Using all available rosidl_typesupport_c: rosidl_typesupport_fastrtps_c;rosidl_typesupport_introspection_c
[0.261s] -- Using all available rosidl_typesupport_cpp: rosidl_typesupport_fastrtps_cpp;rosidl_typesupport_introspection_cpp
[0.330s] -- Found rmw_implementation_cmake: 6.1.0 (/opt/ros/humble/share/rmw_implementation_cmake/cmake)
[0.331s] -- Found rmw_fastrtps_cpp: 6.2.1 (/opt/ros/humble/share/rmw_fastrtps_cpp/cmake)
[0.480s] -- Using RMW implementation 'rmw_fastrtps_cpp' as default
[0.676s] -- Found DART: /usr/include (Required is at least version "6.6") found components: dart 
[0.703s] -- Found Protobuf: /usr/lib/x86_64-linux-gnu/libprotobuf.so (found version "3.12.4") 
[0.704s] -- Looking for ignition-math6 -- found version 6.12.0
[0.709s] -- Searching for dependencies of ignition-math6
[0.711s] -- Looking for OGRE...
[0.717s] -- Found Ogre Ghadamon (1.9.0)
[0.717s] -- Found OGRE: optimized;/usr/lib/x86_64-linux-gnu/libOgreMain.so;debug;/usr/lib/x86_64-linux-gnu/libOgreMain.so
[0.727s] -- Looking for OGRE_Paging...
[0.727s] -- Found OGRE_Paging: optimized;/usr/lib/x86_64-linux-gnu/libOgrePaging.so;debug;/usr/lib/x86_64-linux-gnu/libOgrePaging.so
[0.727s] -- Looking for OGRE_Terrain...
[0.727s] -- Found OGRE_Terrain: optimized;/usr/lib/x86_64-linux-gnu/libOgreTerrain.so;debug;/usr/lib/x86_64-linux-gnu/libOgreTerrain.so
[0.728s] -- Looking for OGRE_Property...
[0.728s] -- Found OGRE_Property: optimized;/usr/lib/x86_64-linux-gnu/libOgreProperty.so;debug;/usr/lib/x86_64-linux-gnu/libOgreProperty.so
[0.728s] -- Looking for OGRE_RTShaderSystem...
[0.728s] -- Found OGRE_RTShaderSystem: optimized;/usr/lib/x86_64-linux-gnu/libOgreRTShaderSystem.so;debug;/usr/lib/x86_64-linux-gnu/libOgreRTShaderSystem.so
[0.728s] -- Looking for OGRE_Volume...
[0.728s] -- Found OGRE_Volume: optimized;/usr/lib/x86_64-linux-gnu/libOgreVolume.so;debug;/usr/lib/x86_64-linux-gnu/libOgreVolume.so
[0.728s] -- Looking for OGRE_Overlay...
[0.728s] -- Found OGRE_Overlay: optimized;/usr/lib/x86_64-linux-gnu/libOgreOverlay.so;debug;/usr/lib/x86_64-linux-gnu/libOgreOverlay.so
[0.828s] -- Looking for ignition-math6 -- found version 6.12.0
[0.828s] -- Looking for ignition-transport8 -- found version 8.2.1
[0.829s] -- Searching for dependencies of ignition-transport8
[0.853s] -- Found Protobuf: /usr/lib/x86_64-linux-gnu/libprotobuf.so (found suitable version "3.12.4", minimum required is "3") 
[0.871s] -- Config-file not installed for ZeroMQ -- checking for pkg-config
[0.876s] -- Checking for module 'libzmq >= 4'
[0.886s] --   Found libzmq , version 4.3.4
[0.922s] -- Checking for module 'uuid'
[0.932s] --   Found uuid, version 2.37.2
[0.957s] -- Looking for ignition-msgs5 -- found version 5.8.1
[0.958s] -- Searching for dependencies of ignition-msgs5
[0.984s] -- Looking for ignition-math6 -- found version 6.12.0
[0.988s] -- Checking for module 'tinyxml2'
[0.998s] --   Found tinyxml2, version 9.0.0
[1.023s] -- Looking for ignition-msgs5 -- found version 5.8.1
[1.024s] -- Looking for ignition-common3 -- found version 3.14.0
[1.024s] -- Searching for dependencies of ignition-common3
[1.024s] -- Looking for dlfcn.h - found
[1.024s] -- Looking for libdl - found
[1.035s] -- Searching for <ignition-common3> component [graphics]
[1.035s] -- Looking for ignition-common3-graphics -- found version 3.14.0
[1.037s] -- Searching for dependencies of ignition-common3-graphics
[1.037s] -- Looking for ignition-math6 -- found version 6.12.0
[1.037s] -- Looking for ignition-fuel_tools4 -- found version 4.4.0
[1.037s] -- Searching for dependencies of ignition-fuel_tools4
[1.081s] -- Checking for module 'jsoncpp'
[1.091s] --   Found jsoncpp, version 1.9.5
[1.123s] -- Checking for module 'libzip'
[1.133s] --   Found libzip, version 1.7.3
[1.160s] -- Looking for ignition-common3 -- found version 3.14.0
[1.161s] -- Looking for ignition-math6 -- found version 6.12.0
[1.161s] -- Looking for ignition-msgs5 -- found version 5.8.1
[1.163s] -- Gazebo version: 11.10
[1.177s] -- Found rclpy: 3.3.4 (/opt/ros/humble/share/rclpy/cmake)
[1.195s] [31mCMake Error at CMakeLists.txt:12 (find_package):
[1.195s]   By not providing "Findlaunch.cmake" in CMAKE_MODULE_PATH this project has
[1.195s]   asked CMake to find a package configuration file provided by "launch", but
[1.196s]   CMake did not find one.
[1.196s] 
[1.196s]   Could not find a package configuration file provided by "launch" with any
[1.196s]   of the following names:
[1.196s] 
[1.196s]     launchConfig.cmake
[1.196s]     launch-config.cmake
[1.196s] 
[1.196s]   Add the installation prefix of "launch" to CMAKE_PREFIX_PATH or set
[1.196s]   "launch_DIR" to a directory containing one of the above files.  If "launch"
[1.196s]   provides a separate development package or SDK, be sure it has been
[1.196s]   installed.
[1.196s] 
[1.196s] [0m
[1.196s] -- Configuring incomplete, errors occurred!
[1.196s] See also "/home/user/ros2_ws/build/barista_robot_description/CMakeFiles/CMakeOutput.log".
[1.207s] gmake: *** [Makefile:226: cmake_check_build_system] Error 1
[1.209s] Invoked command in '/home/user/ros2_ws/build/barista_robot_description' returned '2': CMAKE_PREFIX_PATH=${CMAKE_PREFIX_PATH}:/opt/ros/humble _=/usr/bin/env /usr/bin/cmake --build /home/user/ros2_ws/build/barista_robot_description -- -j8 -l8
