[0.019s] Invoking command in '/home/user/ros2_ws/build/barista_robot_description': CMAKE_PREFIX_PATH=${CMAKE_PREFIX_PATH}:/opt/ros/humble _=/usr/bin/env /usr/bin/cmake --build /home/user/ros2_ws/build/barista_robot_description -- -j8 -l8
[0.056s] -- Found ament_cmake: 1.3.2 (/opt/ros/humble/share/ament_cmake/cmake)
[0.197s] -- Found gazebo_ros: 3.7.0 (/opt/ros/humble/share/gazebo_ros/cmake)
[0.234s] -- Found rosidl_generator_c: 3.1.3 (/opt/ros/humble/share/rosidl_generator_c/cmake)
[0.237s] -- Found rosidl_adapter: 3.1.3 (/opt/ros/humble/share/rosidl_adapter/cmake)
[0.243s] -- Found rosidl_generator_cpp: 3.1.3 (/opt/ros/humble/share/rosidl_generator_cpp/cmake)
[0.255s] -- Using all available rosidl_typesupport_c: rosidl_typesupport_fastrtps_c;rosidl_typesupport_introspection_c
[0.271s] -- Using all available rosidl_typesupport_cpp: rosidl_typesupport_fastrtps_cpp;rosidl_typesupport_introspection_cpp
[0.334s] -- Found rmw_implementation_cmake: 6.1.0 (/opt/ros/humble/share/rmw_implementation_cmake/cmake)
[0.335s] -- Found rmw_fastrtps_cpp: 6.2.1 (/opt/ros/humble/share/rmw_fastrtps_cpp/cmake)
[0.487s] -- Using RMW implementation 'rmw_fastrtps_cpp' as default
[0.685s] -- Found DART: /usr/include (Required is at least version "6.6") found components: dart 
[0.711s] -- Found Protobuf: /usr/lib/x86_64-linux-gnu/libprotobuf.so (found version "3.12.4") 
[0.713s] -- Looking for ignition-math6 -- found version 6.12.0
[0.717s] -- Searching for dependencies of ignition-math6
[0.719s] -- Looking for OGRE...
[0.723s] -- Found Ogre Ghadamon (1.9.0)
[0.723s] -- Found OGRE: optimized;/usr/lib/x86_64-linux-gnu/libOgreMain.so;debug;/usr/lib/x86_64-linux-gnu/libOgreMain.so
[0.733s] -- Looking for OGRE_Paging...
[0.733s] -- Found OGRE_Paging: optimized;/usr/lib/x86_64-linux-gnu/libOgrePaging.so;debug;/usr/lib/x86_64-linux-gnu/libOgrePaging.so
[0.733s] -- Looking for OGRE_Terrain...
[0.733s] -- Found OGRE_Terrain: optimized;/usr/lib/x86_64-linux-gnu/libOgreTerrain.so;debug;/usr/lib/x86_64-linux-gnu/libOgreTerrain.so
[0.733s] -- Looking for OGRE_Property...
[0.733s] -- Found OGRE_Property: optimized;/usr/lib/x86_64-linux-gnu/libOgreProperty.so;debug;/usr/lib/x86_64-linux-gnu/libOgreProperty.so
[0.733s] -- Looking for OGRE_RTShaderSystem...
[0.733s] -- Found OGRE_RTShaderSystem: optimized;/usr/lib/x86_64-linux-gnu/libOgreRTShaderSystem.so;debug;/usr/lib/x86_64-linux-gnu/libOgreRTShaderSystem.so
[0.733s] -- Looking for OGRE_Volume...
[0.733s] -- Found OGRE_Volume: optimized;/usr/lib/x86_64-linux-gnu/libOgreVolume.so;debug;/usr/lib/x86_64-linux-gnu/libOgreVolume.so
[0.733s] -- Looking for OGRE_Overlay...
[0.734s] -- Found OGRE_Overlay: optimized;/usr/lib/x86_64-linux-gnu/libOgreOverlay.so;debug;/usr/lib/x86_64-linux-gnu/libOgreOverlay.so
[0.833s] -- Looking for ignition-math6 -- found version 6.12.0
[0.834s] -- Looking for ignition-transport8 -- found version 8.2.1
[0.834s] -- Searching for dependencies of ignition-transport8
[0.858s] -- Found Protobuf: /usr/lib/x86_64-linux-gnu/libprotobuf.so (found suitable version "3.12.4", minimum required is "3") 
[0.877s] -- Config-file not installed for ZeroMQ -- checking for pkg-config
[0.881s] -- Checking for module 'libzmq >= 4'
[0.892s] --   Found libzmq , version 4.3.4
[0.927s] -- Checking for module 'uuid'
[0.936s] --   Found uuid, version 2.37.2
[0.964s] -- Looking for ignition-msgs5 -- found version 5.8.1
[0.964s] -- Searching for dependencies of ignition-msgs5
[0.988s] -- Looking for ignition-math6 -- found version 6.12.0
[0.993s] -- Checking for module 'tinyxml2'
[1.005s] --   Found tinyxml2, version 9.0.0
[1.031s] -- Looking for ignition-msgs5 -- found version 5.8.1
[1.032s] -- Looking for ignition-common3 -- found version 3.14.0
[1.032s] -- Searching for dependencies of ignition-common3
[1.032s] -- Looking for dlfcn.h - found
[1.032s] -- Looking for libdl - found
[1.044s] -- Searching for <ignition-common3> component [graphics]
[1.044s] -- Looking for ignition-common3-graphics -- found version 3.14.0
[1.044s] -- Searching for dependencies of ignition-common3-graphics
[1.045s] -- Looking for ignition-math6 -- found version 6.12.0
[1.046s] -- Looking for ignition-fuel_tools4 -- found version 4.4.0
[1.046s] -- Searching for dependencies of ignition-fuel_tools4
[1.087s] -- Checking for module 'jsoncpp'
[1.097s] --   Found jsoncpp, version 1.9.5
[1.129s] -- Checking for module 'libzip'
[1.141s] --   Found libzip, version 1.7.3
[1.167s] -- Looking for ignition-common3 -- found version 3.14.0
[1.167s] -- Looking for ignition-math6 -- found version 6.12.0
[1.168s] -- Looking for ignition-msgs5 -- found version 5.8.1
[1.169s] -- Gazebo version: 11.10
[1.179s] -- Found ament_cmake_auto: 1.3.2 (/opt/ros/humble/share/ament_cmake_auto/cmake)
[1.349s] -- Found eigen3_cmake_module: 0.1.1 (/opt/ros/humble/share/eigen3_cmake_module/cmake)
[1.350s] -- Ensuring Eigen3 include directory is part of orocos-kdl CMake target
[1.880s] -- Found ament_lint_auto: 0.12.4 (/opt/ros/humble/share/ament_lint_auto/cmake)
[1.890s] -- Added test 'copyright' to check source files copyright and LICENSE
[1.898s] -- Added test 'flake8' to check Python code syntax and style conventions
[1.899s] -- Added test 'lint_cmake' to check CMake code style
[1.899s] -- Added test 'pep257' to check Python code against some of the docstring style conventions in PEP 257
[1.904s] -- Added test 'xmllint' to check XML markup files
[1.904s] -- Configuring done
[1.914s] -- Generating done
[1.917s] -- Build files have been written to: /home/user/ros2_ws/build/barista_robot_description
[1.945s] Invoked command in '/home/user/ros2_ws/build/barista_robot_description' returned '0': CMAKE_PREFIX_PATH=${CMAKE_PREFIX_PATH}:/opt/ros/humble _=/usr/bin/env /usr/bin/cmake --build /home/user/ros2_ws/build/barista_robot_description -- -j8 -l8
[1.981s] Invoking command in '/home/user/ros2_ws/build/barista_robot_description': CMAKE_PREFIX_PATH=${CMAKE_PREFIX_PATH}:/opt/ros/humble _=/usr/bin/env /usr/bin/cmake --install /home/user/ros2_ws/build/barista_robot_description
[1.987s] -- Install configuration: ""
[1.987s] -- Up-to-date: /home/user/ros2_ws/install/barista_robot_description/share/barista_robot_description//urdf
[1.987s] -- Up-to-date: /home/user/ros2_ws/install/barista_robot_description/share/barista_robot_description//urdf/barista_robot_model.urdf
[1.987s] -- Up-to-date: /home/user/ros2_ws/install/barista_robot_description/share/barista_robot_description//meshes
[1.987s] -- Up-to-date: /home/user/ros2_ws/install/barista_robot_description/share/barista_robot_description//meshes/hokuyo_utm_30lx.dae
[1.987s] -- Up-to-date: /home/user/ros2_ws/install/barista_robot_description/share/barista_robot_description//meshes/hokuyo_utm_30lx.stl
[1.987s] -- Up-to-date: /home/user/ros2_ws/install/barista_robot_description/share/barista_robot_description//launch
[1.988s] -- Up-to-date: /home/user/ros2_ws/install/barista_robot_description/share/barista_robot_description//launch/barista_urdf.launch.py
[1.988s] -- Up-to-date: /home/user/ros2_ws/install/barista_robot_description/share/barista_robot_description//rviz
[1.988s] -- Installing: /home/user/ros2_ws/install/barista_robot_description/share/barista_robot_description//rviz/urdf.rviz
[1.988s] -- Installing: /home/user/ros2_ws/install/barista_robot_description/share/ament_index/resource_index/package_run_dependencies/barista_robot_description
[1.988s] -- Up-to-date: /home/user/ros2_ws/install/barista_robot_description/share/ament_index/resource_index/parent_prefix_path/barista_robot_description
[1.988s] -- Up-to-date: /home/user/ros2_ws/install/barista_robot_description/share/barista_robot_description/environment/ament_prefix_path.sh
[1.988s] -- Installing: /home/user/ros2_ws/install/barista_robot_description/share/barista_robot_description/environment/ament_prefix_path.dsv
[1.988s] -- Up-to-date: /home/user/ros2_ws/install/barista_robot_description/share/barista_robot_description/environment/path.sh
[1.988s] -- Installing: /home/user/ros2_ws/install/barista_robot_description/share/barista_robot_description/environment/path.dsv
[1.988s] -- Up-to-date: /home/user/ros2_ws/install/barista_robot_description/share/barista_robot_description/local_setup.bash
[1.988s] -- Up-to-date: /home/user/ros2_ws/install/barista_robot_description/share/barista_robot_description/local_setup.sh
[1.989s] -- Up-to-date: /home/user/ros2_ws/install/barista_robot_description/share/barista_robot_description/local_setup.zsh
[1.989s] -- Installing: /home/user/ros2_ws/install/barista_robot_description/share/barista_robot_description/local_setup.dsv
[1.989s] -- Installing: /home/user/ros2_ws/install/barista_robot_description/share/barista_robot_description/package.dsv
[1.989s] -- Up-to-date: /home/user/ros2_ws/install/barista_robot_description/share/ament_index/resource_index/packages/barista_robot_description
[1.989s] -- Up-to-date: /home/user/ros2_ws/install/barista_robot_description/share/barista_robot_description/cmake/barista_robot_descriptionConfig.cmake
[1.989s] -- Up-to-date: /home/user/ros2_ws/install/barista_robot_description/share/barista_robot_description/cmake/barista_robot_descriptionConfig-version.cmake
[1.989s] -- Installing: /home/user/ros2_ws/install/barista_robot_description/share/barista_robot_description/package.xml
[1.992s] Invoked command in '/home/user/ros2_ws/build/barista_robot_description' returned '0': CMAKE_PREFIX_PATH=${CMAKE_PREFIX_PATH}:/opt/ros/humble _=/usr/bin/env /usr/bin/cmake --install /home/user/ros2_ws/build/barista_robot_description
