[0.017s] Invoking command in '/home/user/ros2_ws/build/barista_robot_description': CMAKE_PREFIX_PATH=${CMAKE_PREFIX_PATH}:/opt/ros/humble _=/usr/bin/env /usr/bin/cmake --build /home/user/ros2_ws/build/barista_robot_description -- -j8 -l8
[0.054s] Invoked command in '/home/user/ros2_ws/build/barista_robot_description' returned '0': CMAKE_PREFIX_PATH=${CMAKE_PREFIX_PATH}:/opt/ros/humble _=/usr/bin/env /usr/bin/cmake --build /home/user/ros2_ws/build/barista_robot_description -- -j8 -l8
[0.088s] Invoking command in '/home/user/ros2_ws/build/barista_robot_description': CMAKE_PREFIX_PATH=${CMAKE_PREFIX_PATH}:/opt/ros/humble _=/usr/bin/env /usr/bin/cmake --install /home/user/ros2_ws/build/barista_robot_description
[0.094s] -- Install configuration: ""
[0.094s] -- Up-to-date: /home/user/ros2_ws/install/barista_robot_description/share/barista_robot_description//urdf
[0.094s] -- Installing: /home/user/ros2_ws/install/barista_robot_description/share/barista_robot_description//urdf/barista_robot_model.urdf
[0.094s] -- Up-to-date: /home/user/ros2_ws/install/barista_robot_description/share/barista_robot_description//launch
[0.094s] -- Up-to-date: /home/user/ros2_ws/install/barista_robot_description/share/barista_robot_description//launch/barista_urdf.launch.py
[0.095s] -- Up-to-date: /home/user/ros2_ws/install/barista_robot_description/share/barista_robot_description//meshes
[0.095s] -- Up-to-date: /home/user/ros2_ws/install/barista_robot_description/share/barista_robot_description//meshes/hokuyo_urg_04lx.dae
[0.095s] -- Up-to-date: /home/user/ros2_ws/install/barista_robot_description/share/barista_robot_description//meshes/hokuyo_urg_04lx.stl
[0.095s] -- Up-to-date: /home/user/ros2_ws/install/barista_robot_description/share/ament_index/resource_index/package_run_dependencies/barista_robot_description
[0.095s] -- Up-to-date: /home/user/ros2_ws/install/barista_robot_description/share/ament_index/resource_index/parent_prefix_path/barista_robot_description
[0.095s] -- Up-to-date: /home/user/ros2_ws/install/barista_robot_description/share/barista_robot_description/environment/ament_prefix_path.sh
[0.095s] -- Up-to-date: /home/user/ros2_ws/install/barista_robot_description/share/barista_robot_description/environment/ament_prefix_path.dsv
[0.095s] -- Up-to-date: /home/user/ros2_ws/install/barista_robot_description/share/barista_robot_description/environment/path.sh
[0.096s] -- Up-to-date: /home/user/ros2_ws/install/barista_robot_description/share/barista_robot_description/environment/path.dsv
[0.096s] -- Up-to-date: /home/user/ros2_ws/install/barista_robot_description/share/barista_robot_description/local_setup.bash
[0.096s] -- Up-to-date: /home/user/ros2_ws/install/barista_robot_description/share/barista_robot_description/local_setup.sh
[0.096s] -- Up-to-date: /home/user/ros2_ws/install/barista_robot_description/share/barista_robot_description/local_setup.zsh
[0.096s] -- Up-to-date: /home/user/ros2_ws/install/barista_robot_description/share/barista_robot_description/local_setup.dsv
[0.096s] -- Installing: /home/user/ros2_ws/install/barista_robot_description/share/barista_robot_description/package.dsv
[0.096s] -- Up-to-date: /home/user/ros2_ws/install/barista_robot_description/share/ament_index/resource_index/packages/barista_robot_description
[0.096s] -- Up-to-date: /home/user/ros2_ws/install/barista_robot_description/share/barista_robot_description/cmake/barista_robot_descriptionConfig.cmake
[0.096s] -- Up-to-date: /home/user/ros2_ws/install/barista_robot_description/share/barista_robot_description/cmake/barista_robot_descriptionConfig-version.cmake
[0.096s] -- Up-to-date: /home/user/ros2_ws/install/barista_robot_description/share/barista_robot_description/package.xml
[0.099s] Invoked command in '/home/user/ros2_ws/build/barista_robot_description' returned '0': CMAKE_PREFIX_PATH=${CMAKE_PREFIX_PATH}:/opt/ros/humble _=/usr/bin/env /usr/bin/cmake --install /home/user/ros2_ws/build/barista_robot_description
