[0.027s] Invoking command in '/home/user/ros2_ws/build/barista_robot_description': CMAKE_PREFIX_PATH=${CMAKE_PREFIX_PATH}:/opt/ros/humble _=/usr/bin/env /usr/bin/cmake --build /home/user/ros2_ws/build/barista_robot_description -- -j8 -l8
[6.349s] Invoked command in '/home/user/ros2_ws/build/barista_robot_description' returned '0': CMAKE_PREFIX_PATH=${CMAKE_PREFIX_PATH}:/opt/ros/humble _=/usr/bin/env /usr/bin/cmake --build /home/user/ros2_ws/build/barista_robot_description -- -j8 -l8
[6.382s] Invoking command in '/home/user/ros2_ws/build/barista_robot_description': CMAKE_PREFIX_PATH=${CMAKE_PREFIX_PATH}:/opt/ros/humble _=/usr/bin/env /usr/bin/cmake --install /home/user/ros2_ws/build/barista_robot_description
[6.390s] -- Install configuration: ""
[6.390s] -- Up-to-date: /home/user/ros2_ws/install/barista_robot_description/share/barista_robot_description//urdf
[6.390s] -- Up-to-date: /home/user/ros2_ws/install/barista_robot_description/share/barista_robot_description//urdf/barista_robot_model.urdf
[6.390s] -- Up-to-date: /home/user/ros2_ws/install/barista_robot_description/share/barista_robot_description//launch
[6.391s] -- Up-to-date: /home/user/ros2_ws/install/barista_robot_description/share/barista_robot_description//launch/barista_urdf.launch.py
[6.391s] -- Up-to-date: /home/user/ros2_ws/install/barista_robot_description/share/barista_robot_description//meshes
[6.391s] -- Up-to-date: /home/user/ros2_ws/install/barista_robot_description/share/barista_robot_description//meshes/hokuyo_urg_04lx.dae
[6.391s] -- Up-to-date: /home/user/ros2_ws/install/barista_robot_description/share/barista_robot_description//meshes/hokuyo_urg_04lx.stl
[6.391s] -- Up-to-date: /home/user/ros2_ws/install/barista_robot_description/share/ament_index/resource_index/package_run_dependencies/barista_robot_description
[6.391s] -- Up-to-date: /home/user/ros2_ws/install/barista_robot_description/share/ament_index/resource_index/parent_prefix_path/barista_robot_description
[6.391s] -- Up-to-date: /home/user/ros2_ws/install/barista_robot_description/share/barista_robot_description/environment/ament_prefix_path.sh
[6.391s] -- Up-to-date: /home/user/ros2_ws/install/barista_robot_description/share/barista_robot_description/environment/ament_prefix_path.dsv
[6.391s] -- Up-to-date: /home/user/ros2_ws/install/barista_robot_description/share/barista_robot_description/environment/path.sh
[6.392s] -- Up-to-date: /home/user/ros2_ws/install/barista_robot_description/share/barista_robot_description/environment/path.dsv
[6.392s] -- Up-to-date: /home/user/ros2_ws/install/barista_robot_description/share/barista_robot_description/local_setup.bash
[6.392s] -- Up-to-date: /home/user/ros2_ws/install/barista_robot_description/share/barista_robot_description/local_setup.sh
[6.392s] -- Up-to-date: /home/user/ros2_ws/install/barista_robot_description/share/barista_robot_description/local_setup.zsh
[6.392s] -- Up-to-date: /home/user/ros2_ws/install/barista_robot_description/share/barista_robot_description/local_setup.dsv
[6.392s] -- Installing: /home/user/ros2_ws/install/barista_robot_description/share/barista_robot_description/package.dsv
[6.392s] -- Up-to-date: /home/user/ros2_ws/install/barista_robot_description/share/ament_index/resource_index/packages/barista_robot_description
[6.392s] -- Up-to-date: /home/user/ros2_ws/install/barista_robot_description/share/barista_robot_description/cmake/barista_robot_descriptionConfig.cmake
[6.392s] -- Up-to-date: /home/user/ros2_ws/install/barista_robot_description/share/barista_robot_description/cmake/barista_robot_descriptionConfig-version.cmake
[6.392s] -- Up-to-date: /home/user/ros2_ws/install/barista_robot_description/share/barista_robot_description/package.xml
[6.394s] Invoked command in '/home/user/ros2_ws/build/barista_robot_description' returned '0': CMAKE_PREFIX_PATH=${CMAKE_PREFIX_PATH}:/opt/ros/humble _=/usr/bin/env /usr/bin/cmake --install /home/user/ros2_ws/build/barista_robot_description
