[0.017s] Invoking command in '/home/user/ros2_ws/build/barista_robot_description': CMAKE_PREFIX_PATH=${CMAKE_PREFIX_PATH}:/opt/ros/humble _=/usr/bin/env /usr/bin/cmake --build /home/user/ros2_ws/build/barista_robot_description -- -j8 -l8
[0.043s] -- Found ament_cmake: 1.3.2 (/opt/ros/humble/share/ament_cmake/cmake)
[0.176s] -- Found gazebo_ros: 3.7.0 (/opt/ros/humble/share/gazebo_ros/cmake)
[0.213s] -- Found rosidl_generator_c: 3.1.3 (/opt/ros/humble/share/rosidl_generator_c/cmake)
[0.215s] -- Found rosidl_adapter: 3.1.3 (/opt/ros/humble/share/rosidl_adapter/cmake)
[0.221s] -- Found rosidl_generator_cpp: 3.1.3 (/opt/ros/humble/share/rosidl_generator_cpp/cmake)
[0.232s] -- Using all available rosidl_typesupport_c: rosidl_typesupport_fastrtps_c;rosidl_typesupport_introspection_c
[0.248s] -- Using all available rosidl_typesupport_cpp: rosidl_typesupport_fastrtps_cpp;rosidl_typesupport_introspection_cpp
[0.312s] -- Found rmw_implementation_cmake: 6.1.0 (/opt/ros/humble/share/rmw_implementation_cmake/cmake)
[0.313s] -- Found rmw_fastrtps_cpp: 6.2.1 (/opt/ros/humble/share/rmw_fastrtps_cpp/cmake)
[0.463s] -- Using RMW implementation 'rmw_fastrtps_cpp' as default
[0.657s] -- Found DART: /usr/include (Required is at least version "6.6") found components: dart 
[0.685s] -- Found Protobuf: /usr/lib/x86_64-linux-gnu/libprotobuf.so (found version "3.12.4") 
[0.686s] -- Looking for ignition-math6 -- found version 6.12.0
[0.690s] -- Searching for dependencies of ignition-math6
[0.692s] -- Looking for OGRE...
[0.697s] -- Found Ogre Ghadamon (1.9.0)
[0.697s] -- Found OGRE: optimized;/usr/lib/x86_64-linux-gnu/libOgreMain.so;debug;/usr/lib/x86_64-linux-gnu/libOgreMain.so
[0.707s] -- Looking for OGRE_Paging...
[0.707s] -- Found OGRE_Paging: optimized;/usr/lib/x86_64-linux-gnu/libOgrePaging.so;debug;/usr/lib/x86_64-linux-gnu/libOgrePaging.so
[0.707s] -- Looking for OGRE_Terrain...
[0.708s] -- Found OGRE_Terrain: optimized;/usr/lib/x86_64-linux-gnu/libOgreTerrain.so;debug;/usr/lib/x86_64-linux-gnu/libOgreTerrain.so
[0.708s] -- Looking for OGRE_Property...
[0.708s] -- Found OGRE_Property: optimized;/usr/lib/x86_64-linux-gnu/libOgreProperty.so;debug;/usr/lib/x86_64-linux-gnu/libOgreProperty.so
[0.708s] -- Looking for OGRE_RTShaderSystem...
[0.708s] -- Found OGRE_RTShaderSystem: optimized;/usr/lib/x86_64-linux-gnu/libOgreRTShaderSystem.so;debug;/usr/lib/x86_64-linux-gnu/libOgreRTShaderSystem.so
[0.708s] -- Looking for OGRE_Volume...
[0.708s] -- Found OGRE_Volume: optimized;/usr/lib/x86_64-linux-gnu/libOgreVolume.so;debug;/usr/lib/x86_64-linux-gnu/libOgreVolume.so
[0.709s] -- Looking for OGRE_Overlay...
[0.709s] -- Found OGRE_Overlay: optimized;/usr/lib/x86_64-linux-gnu/libOgreOverlay.so;debug;/usr/lib/x86_64-linux-gnu/libOgreOverlay.so
[0.811s] -- Looking for ignition-math6 -- found version 6.12.0
[0.812s] -- Looking for ignition-transport8 -- found version 8.2.1
[0.812s] -- Searching for dependencies of ignition-transport8
[0.836s] -- Found Protobuf: /usr/lib/x86_64-linux-gnu/libprotobuf.so (found suitable version "3.12.4", minimum required is "3") 
[0.855s] -- Config-file not installed for ZeroMQ -- checking for pkg-config
[0.859s] -- Checking for module 'libzmq >= 4'
[0.869s] --   Found libzmq , version 4.3.4
[0.903s] -- Checking for module 'uuid'
[0.915s] --   Found uuid, version 2.37.2
[0.939s] -- Looking for ignition-msgs5 -- found version 5.8.1
[0.940s] -- Searching for dependencies of ignition-msgs5
[0.964s] -- Looking for ignition-math6 -- found version 6.12.0
[0.969s] -- Checking for module 'tinyxml2'
[0.980s] --   Found tinyxml2, version 9.0.0
[1.005s] -- Looking for ignition-msgs5 -- found version 5.8.1
[1.006s] -- Looking for ignition-common3 -- found version 3.14.0
[1.006s] -- Searching for dependencies of ignition-common3
[1.006s] -- Looking for dlfcn.h - found
[1.007s] -- Looking for libdl - found
[1.017s] -- Searching for <ignition-common3> component [graphics]
[1.017s] -- Looking for ignition-common3-graphics -- found version 3.14.0
[1.017s] -- Searching for dependencies of ignition-common3-graphics
[1.018s] -- Looking for ignition-math6 -- found version 6.12.0
[1.019s] -- Looking for ignition-fuel_tools4 -- found version 4.4.0
[1.019s] -- Searching for dependencies of ignition-fuel_tools4
[1.060s] -- Checking for module 'jsoncpp'
[1.069s] --   Found jsoncpp, version 1.9.5
[1.103s] -- Checking for module 'libzip'
[1.114s] --   Found libzip, version 1.7.3
[1.139s] -- Looking for ignition-common3 -- found version 3.14.0
[1.139s] -- Looking for ignition-math6 -- found version 6.12.0
[1.140s] -- Looking for ignition-msgs5 -- found version 5.8.1
[1.141s] -- Gazebo version: 11.10
[1.152s] -- Found ament_cmake_auto: 1.3.2 (/opt/ros/humble/share/ament_cmake_auto/cmake)
[1.320s] -- Found eigen3_cmake_module: 0.1.1 (/opt/ros/humble/share/eigen3_cmake_module/cmake)
[1.321s] -- Ensuring Eigen3 include directory is part of orocos-kdl CMake target
[1.830s] -- Found ament_lint_auto: 0.12.4 (/opt/ros/humble/share/ament_lint_auto/cmake)
[1.839s] -- Added test 'copyright' to check source files copyright and LICENSE
[1.847s] -- Added test 'flake8' to check Python code syntax and style conventions
[1.848s] -- Added test 'lint_cmake' to check CMake code style
[1.849s] -- Added test 'pep257' to check Python code against some of the docstring style conventions in PEP 257
[1.853s] -- Added test 'xmllint' to check XML markup files
[1.854s] -- Configuring done
[1.863s] -- Generating done
[1.865s] -- Build files have been written to: /home/user/ros2_ws/build/barista_robot_description
[1.893s] Invoked command in '/home/user/ros2_ws/build/barista_robot_description' returned '0': CMAKE_PREFIX_PATH=${CMAKE_PREFIX_PATH}:/opt/ros/humble _=/usr/bin/env /usr/bin/cmake --build /home/user/ros2_ws/build/barista_robot_description -- -j8 -l8
[1.926s] Invoking command in '/home/user/ros2_ws/build/barista_robot_description': CMAKE_PREFIX_PATH=${CMAKE_PREFIX_PATH}:/opt/ros/humble _=/usr/bin/env /usr/bin/cmake --install /home/user/ros2_ws/build/barista_robot_description
[1.932s] -- Install configuration: ""
[1.932s] -- Up-to-date: /home/user/ros2_ws/install/barista_robot_description/share/barista_robot_description//urdf
[1.932s] -- Installing: /home/user/ros2_ws/install/barista_robot_description/share/barista_robot_description//urdf/barista_robot_model.urdf
[1.932s] -- Up-to-date: /home/user/ros2_ws/install/barista_robot_description/share/barista_robot_description//meshes
[1.933s] -- Up-to-date: /home/user/ros2_ws/install/barista_robot_description/share/barista_robot_description//meshes/hokuyo_utm_30lx.dae
[1.933s] -- Up-to-date: /home/user/ros2_ws/install/barista_robot_description/share/barista_robot_description//meshes/hokuyo_utm_30lx.stl
[1.933s] -- Up-to-date: /home/user/ros2_ws/install/barista_robot_description/share/barista_robot_description//launch
[1.933s] -- Installing: /home/user/ros2_ws/install/barista_robot_description/share/barista_robot_description//launch/barista_urdf.launch.py
[1.933s] -- Installing: /home/user/ros2_ws/install/barista_robot_description/share/ament_index/resource_index/package_run_dependencies/barista_robot_description
[1.933s] -- Up-to-date: /home/user/ros2_ws/install/barista_robot_description/share/ament_index/resource_index/parent_prefix_path/barista_robot_description
[1.933s] -- Up-to-date: /home/user/ros2_ws/install/barista_robot_description/share/barista_robot_description/environment/ament_prefix_path.sh
[1.933s] -- Installing: /home/user/ros2_ws/install/barista_robot_description/share/barista_robot_description/environment/ament_prefix_path.dsv
[1.933s] -- Up-to-date: /home/user/ros2_ws/install/barista_robot_description/share/barista_robot_description/environment/path.sh
[1.933s] -- Installing: /home/user/ros2_ws/install/barista_robot_description/share/barista_robot_description/environment/path.dsv
[1.934s] -- Up-to-date: /home/user/ros2_ws/install/barista_robot_description/share/barista_robot_description/local_setup.bash
[1.934s] -- Up-to-date: /home/user/ros2_ws/install/barista_robot_description/share/barista_robot_description/local_setup.sh
[1.934s] -- Up-to-date: /home/user/ros2_ws/install/barista_robot_description/share/barista_robot_description/local_setup.zsh
[1.934s] -- Installing: /home/user/ros2_ws/install/barista_robot_description/share/barista_robot_description/local_setup.dsv
[1.934s] -- Installing: /home/user/ros2_ws/install/barista_robot_description/share/barista_robot_description/package.dsv
[1.934s] -- Up-to-date: /home/user/ros2_ws/install/barista_robot_description/share/ament_index/resource_index/packages/barista_robot_description
[1.934s] -- Installing: /home/user/ros2_ws/install/barista_robot_description/share/barista_robot_description/cmake/barista_robot_descriptionConfig.cmake
[1.934s] -- Installing: /home/user/ros2_ws/install/barista_robot_description/share/barista_robot_description/cmake/barista_robot_descriptionConfig-version.cmake
[1.935s] -- Installing: /home/user/ros2_ws/install/barista_robot_description/share/barista_robot_description/package.xml
[1.937s] Invoked command in '/home/user/ros2_ws/build/barista_robot_description' returned '0': CMAKE_PREFIX_PATH=${CMAKE_PREFIX_PATH}:/opt/ros/humble _=/usr/bin/env /usr/bin/cmake --install /home/user/ros2_ws/build/barista_robot_description
